[debug] [2023-07-14T11:33:14.928Z] ----------------------------------------------------------------------
[debug] [2023-07-14T11:33:14.930Z] Command:       /Users/yurii/.nvm/versions/node/v18.14.2/bin/node /Users/yurii/.nvm/versions/node/v18.14.2/bin/firebase init hosting
[debug] [2023-07-14T11:33:14.930Z] CLI Version:   12.4.4
[debug] [2023-07-14T11:33:14.930Z] Platform:      darwin
[debug] [2023-07-14T11:33:14.930Z] Node Version:  v18.14.2
[debug] [2023-07-14T11:33:14.931Z] Time:          Fri Jul 14 2023 14:33:14 GMT+0300 (Eastern European Summer Time)
[debug] [2023-07-14T11:33:14.931Z] ----------------------------------------------------------------------
[debug] 
[debug] [2023-07-14T11:33:14.934Z] > command requires scopes: ["email","openid","https://www.googleapis.com/auth/cloudplatformprojects.readonly","https://www.googleapis.com/auth/firebase","https://www.googleapis.com/auth/cloud-platform"]
[debug] [2023-07-14T11:33:14.934Z] > authorizing via signed-in user (yuriypidlisnyi2020@gmail.com)
[info] 
     ######## #### ########  ######## ########     ###     ######  ########
     ##        ##  ##     ## ##       ##     ##  ##   ##  ##       ##
     ######    ##  ########  ######   ########  #########  ######  ######
     ##        ##  ##    ##  ##       ##     ## ##     ##       ## ##
     ##       #### ##     ## ######## ########  ##     ##  ######  ########

You're about to initialize a Firebase project in this directory:

  /Users/yurii/Documents/Programming/web/LinkYouLatest

[info] 
=== Project Setup
[info] 
[info] First, let's associate this project directory with a Firebase project.
[info] You can create multiple project aliases by running firebase use --add, 
[info] but for now we'll just set up a default project.
[info] 
[debug] [2023-07-14T11:33:31.887Z] >>> [apiv2][query] GET https://firebase.googleapis.com/v1beta1/projects pageSize=100
[debug] [2023-07-14T11:33:32.615Z] <<< [apiv2][status] GET https://firebase.googleapis.com/v1beta1/projects 200
[debug] [2023-07-14T11:33:32.615Z] <<< [apiv2][body] GET https://firebase.googleapis.com/v1beta1/projects [omitted]
[info] i  Using project linkyou-94b1e (LinkYou) 
[info] 
=== Hosting Setup
[info] 
[info] i  Detected a .git folder at /Users/yurii/Documents/Programming/web/LinkYouLatest 
[info] i  Authorizing with GitHub to upload your service account to a GitHub repository's secrets store. 
[info] 
[info] Visit this URL on this device to log in:
[info] https://github.com/login/oauth/authorize?client_id=89cf50f02ac6aaed3484&state=728271784&redirect_uri=http%3A%2F%2Flocalhost%3A9005&scope=read%3Auser%20repo%20public_repo
[info] 
[info] Waiting for authentication...
[debug] [2023-07-14T11:34:19.628Z] >>> [apiv2][query] POST https://github.com/login/oauth/access_token [none]
[debug] [2023-07-14T11:34:19.628Z] >>> [apiv2][body] POST https://github.com/login/oauth/access_token [stream]
[debug] [2023-07-14T11:34:19.997Z] <<< [apiv2][status] POST https://github.com/login/oauth/access_token 200
[debug] [2023-07-14T11:34:19.997Z] <<< [apiv2][body] POST https://github.com/login/oauth/access_token {"access_token":"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","token_type":"bearer","scope":"read:user,repo"}
[debug] [2023-07-14T11:34:20.001Z] >>> [apiv2][query] GET https://api.github.com/user [none]
[debug] [2023-07-14T11:34:20.379Z] <<< [apiv2][status] GET https://api.github.com/user 200
[debug] [2023-07-14T11:34:20.379Z] <<< [apiv2][body] GET https://api.github.com/user {"login":"YuriiCodes","id":96592769,"node_id":"U_kgDOBcHjgQ","avatar_url":"https://avatars.githubusercontent.com/u/96592769?v=4","gravatar_id":"","url":"https://api.github.com/users/YuriiCodes","html_url":"https://github.com/YuriiCodes","followers_url":"https://api.github.com/users/YuriiCodes/followers","following_url":"https://api.github.com/users/YuriiCodes/following{/other_user}","gists_url":"https://api.github.com/users/YuriiCodes/gists{/gist_id}","starred_url":"https://api.github.com/users/YuriiCodes/starred{/owner}{/repo}","subscriptions_url":"https://api.github.com/users/YuriiCodes/subscriptions","organizations_url":"https://api.github.com/users/YuriiCodes/orgs","repos_url":"https://api.github.com/users/YuriiCodes/repos","events_url":"https://api.github.com/users/YuriiCodes/events{/privacy}","received_events_url":"https://api.github.com/users/YuriiCodes/received_events","type":"User","site_admin":false,"name":null,"company":null,"blog":"","location":null,"email":null,"hireable":null,"bio":null,"twitter_username":null,"public_repos":38,"public_gists":0,"followers":5,"following":5,"created_at":"2021-12-23T18:14:33Z","updated_at":"2023-07-14T11:21:24Z","private_gists":0,"total_private_repos":9,"owned_private_repos":9,"disk_usage":69852,"collaborators":0,"two_factor_authentication":false,"plan":{"name":"pro","space":976562499,"collaborators":0,"private_repos":9999}}
[info] 
[info] ✔  Success! Logged into GitHub as YuriiCodes 
[info] 
